<?xml version="1.0" encoding="UTF-8"?>
<!-- Generated by org.testng.reporters.JUnitReportReporter -->
<testsuite hostname="Bose_ThinkPad" failures="0" tests="1" name="com.saucedemo.base.DriverScript" time="2.882" errors="0" timestamp="2024-09-01T15:19:27 PDT" skipped="0">
  <testcase classname="com.saucedemo.base.DriverScript" name="initApplication" time="2.882"/>
</testsuite> <!-- com.saucedemo.base.DriverScript -->
