<?xml version="1.0" encoding="UTF-8"?>
<!-- Generated by org.testng.reporters.JUnitReportReporter -->
<testsuite hostname="Bose_ThinkPad" failures="0" tests="1" name="com.saucedemo.test.LoginPageTests" time="6.989" errors="0" timestamp="2024-09-10T14:47:48 PDT" skipped="0">
  <testcase classname="com.saucedemo.test.LoginPageTests" name="testLoginInBaseClass" time="6.989"/>
</testsuite> <!-- com.saucedemo.test.LoginPageTests -->
