<?xml version="1.0" encoding="UTF-8"?>
<!-- Generated by org.testng.reporters.JUnitReportReporter -->
<testsuite hostname="Bose_ThinkPad" failures="0" tests="9" name="com.saucedemo.test.LoginPageTests" time="59.546" errors="0" timestamp="2024-09-04T13:34:28 PDT" skipped="0">
  <testcase classname="com.saucedemo.test.LoginPageTests" name="testLoginPageTitle" time="2.763"/>
  <testcase classname="com.saucedemo.test.LoginPageTests" name="testLoginFunction" time="8.546"/>
  <testcase classname="com.saucedemo.test.LoginPageTests" name="testLoginFunction" time="6.385"/>
  <testcase classname="com.saucedemo.test.LoginPageTests" name="testLoginFunction" time="5.943"/>
  <testcase classname="com.saucedemo.test.LoginPageTests" name="testLoginFunction" time="11.157"/>
  <testcase classname="com.saucedemo.test.LoginPageTests" name="testLoginFunction" time="6.314"/>
  <testcase classname="com.saucedemo.test.LoginPageTests" name="testUsernameBlank" time="5.673"/>
  <testcase classname="com.saucedemo.test.LoginPageTests" name="testPasswordBlank" time="6.621"/>
  <testcase classname="com.saucedemo.test.LoginPageTests" name="testInvalidUser" time="6.144"/>
</testsuite> <!-- com.saucedemo.test.LoginPageTests -->
